2025-10-30 11:53:27: 🔌 Connecting to MSSQL... (Attempt 1/1)
2025-10-30 11:53:28: Worker 7148 started on port 3000
2025-10-30 11:53:28: Accessible on:
2025-10-30 11:53:28:   http://172.48.0.114:3000
2025-10-30 11:53:28: ✅ Redis adapter connected
2025-10-30 11:53:28: Client connected: i55C3hI1OdM6CdKzAAAB
2025-10-30 11:53:28: ✅ New connection: i55C3hI1OdM6CdKzAAAB
2025-10-30 11:53:28: ✅ Database connection successful!
2025-10-30 11:53:28: Database connection successful
2025-10-30 11:53:29: Client connected: mf1atmEyy7oTMwr8AAAE
2025-10-30 11:53:29: ✅ New connection: mf1atmEyy7oTMwr8AAAE
2025-10-30 11:53:29: 🔄 Using existing DB connection pool
2025-10-30 11:53:32: 🔌 Connecting to MSSQL... (Attempt 1/1)
2025-10-30 11:53:33: Worker 964 started on port 3000
2025-10-30 11:53:33: Accessible on:
2025-10-30 11:53:33:   http://172.48.0.114:3000
2025-10-30 11:53:33: ✅ Redis adapter connected
2025-10-30 11:53:33: ✅ Database connection successful!
2025-10-30 11:53:33: Database connection successful
2025-10-30 11:53:43: 🔌 Connecting to MSSQL... (Attempt 1/1)
2025-10-30 11:53:44: Worker 10696 started on port 3000
2025-10-30 11:53:44: Accessible on:
2025-10-30 11:53:44:   http://172.48.0.114:3000
2025-10-30 11:53:44: ✅ Redis adapter connected
2025-10-30 11:53:44: Client connected: WB_ewU32O4wmuDEkAAAC
2025-10-30 11:53:44: ✅ New connection: WB_ewU32O4wmuDEkAAAC
2025-10-30 11:53:44: Client connected: sYm9ErX3-2wqjqB2AAAE
2025-10-30 11:53:44: ✅ New connection: sYm9ErX3-2wqjqB2AAAE
2025-10-30 11:53:44: ✅ Database connection successful!
2025-10-30 11:53:44: Database connection successful
2025-10-30 11:53:47: dest : เข้าห้องเย็น
2025-10-30 11:53:47: 🔄 Using existing DB connection pool
2025-10-30 11:53:47: Client connected: yeh__dx-K3o4DoZdAAAH
2025-10-30 11:53:47: ✅ New connection: yeh__dx-K3o4DoZdAAAH
2025-10-30 11:53:47: 🔄 Using existing DB connection pool
