2025-10-30 11:53:28: 🔌 Connecting to MSSQL... (Attempt 1/1)
2025-10-30 11:53:29: Worker 10816 started on port 3000
2025-10-30 11:53:29: Accessible on:
2025-10-30 11:53:29:   http://172.48.0.114:3000
2025-10-30 11:53:29: ✅ Redis adapter connected
2025-10-30 11:53:29: ✅ Database connection successful!
2025-10-30 11:53:29: Database connection successful
2025-10-30 11:53:29: 🔄 Using existing DB connection pool
2025-10-30 11:53:29: 🔄 Using existing DB connection pool
2025-10-30 11:53:29: item : {
  rmfp_id: 71999,
  tro_id: '0970',
  batch: '25A23DJNON',
  mat: '2xp124ck0001',
  mat_name: 'เศษเนื้อบดจากซี่โครงไก่(CK CCM)Anti free',
  production: 'H088 (Can B)',
  level_eu: null,
  remaining_time: null,
  standard_time: '2.00',
  remaining_rework_time: null,
  standard_rework_time: '2.00',
  rm_status: 'รอกลับมาเตรียม',
  dest: 'เข้าห้องเย็น',
  weight_RM: 200,
  tray_count: 31,
  cooked_date: '2025-10-30 11:40:00',
  rmit_date: '2025-10-30 11:41:00',
  qc_date: null,
  out_cold_date: null,
  out_cold_date_two: null,
  out_cold_date_three: null
}
2025-10-30 11:53:29: item : {
  rmfp_id: 71999,
  tro_id: '0925',
  batch: '25A23DJNON',
  mat: '2xp124ck0001',
  mat_name: 'เศษเนื้อบดจากซี่โครงไก่(CK CCM)Anti free',
  production: 'H088 (Can B)',
  level_eu: null,
  remaining_time: null,
  standard_time: '2.00',
  remaining_rework_time: null,
  standard_rework_time: '2.00',
  rm_status: 'รอกลับมาเตรียม',
  dest: 'เข้าห้องเย็น',
  weight_RM: 145,
  tray_count: 28,
  cooked_date: '2025-10-30 11:40:00',
  rmit_date: '2025-10-30 11:41:00',
  qc_date: null,
  out_cold_date: null,
  out_cold_date_two: null,
  out_cold_date_three: null
}
2025-10-30 11:53:32: 🔌 Connecting to MSSQL... (Attempt 1/1)
2025-10-30 11:53:33: Worker 10508 started on port 3000
2025-10-30 11:53:33: Accessible on:
2025-10-30 11:53:33:   http://172.48.0.114:3000
2025-10-30 11:53:33: ✅ Redis adapter connected
2025-10-30 11:53:33: Client connected: MnmH43UI4PefUCNwAAAB
2025-10-30 11:53:33: ✅ New connection: MnmH43UI4PefUCNwAAAB
2025-10-30 11:53:33: ✅ Database connection successful!
2025-10-30 11:53:33: Database connection successful
2025-10-30 11:53:35: Client connected: La1jusACXRlwwM7YAAAE
2025-10-30 11:53:35: ✅ New connection: La1jusACXRlwwM7YAAAE
2025-10-30 11:53:36: 🔄 Using existing DB connection pool
2025-10-30 11:53:37: Client connected: 8X7w88JwCDYxBUxAAAAI
2025-10-30 11:53:37: ✅ New connection: 8X7w88JwCDYxBUxAAAAI
2025-10-30 11:53:37: Client connected: rPmVyguZc-1QqjI6AAAK
2025-10-30 11:53:37: ✅ New connection: rPmVyguZc-1QqjI6AAAK
2025-10-30 11:53:37: 🔄 Using existing DB connection pool
2025-10-30 11:53:37: item : {
  rmfp_id: 71999,
  tro_id: '0970',
  batch: '25A23DJNON',
  mat: '2xp124ck0001',
  mat_name: 'เศษเนื้อบดจากซี่โครงไก่(CK CCM)Anti free',
  production: 'H088 (Can B)',
  level_eu: null,
  remaining_time: null,
  standard_time: '2.00',
  remaining_rework_time: null,
  standard_rework_time: '2.00',
  rm_status: 'รอกลับมาเตรียม',
  dest: 'เข้าห้องเย็น',
  weight_RM: 200,
  tray_count: 31,
  cooked_date: '2025-10-30 11:40:00',
  rmit_date: '2025-10-30 11:41:00',
  qc_date: null,
  out_cold_date: null,
  out_cold_date_two: null,
  out_cold_date_three: null
}
2025-10-30 11:53:37: item : {
  rmfp_id: 71999,
  tro_id: '0925',
  batch: '25A23DJNON',
  mat: '2xp124ck0001',
  mat_name: 'เศษเนื้อบดจากซี่โครงไก่(CK CCM)Anti free',
  production: 'H088 (Can B)',
  level_eu: null,
  remaining_time: null,
  standard_time: '2.00',
  remaining_rework_time: null,
  standard_rework_time: '2.00',
  rm_status: 'รอกลับมาเตรียม',
  dest: 'เข้าห้องเย็น',
  weight_RM: 145,
  tray_count: 28,
  cooked_date: '2025-10-30 11:40:00',
  rmit_date: '2025-10-30 11:41:00',
  qc_date: null,
  out_cold_date: null,
  out_cold_date_two: null,
  out_cold_date_three: null
}
2025-10-30 11:53:39: 🔄 Using existing DB connection pool
2025-10-30 11:53:39: 🔄 Using existing DB connection pool
2025-10-30 11:53:39: 🔄 Using existing DB connection pool
2025-10-30 11:53:43: 🔌 Connecting to MSSQL... (Attempt 1/1)
2025-10-30 11:53:44: Worker 6236 started on port 3000
2025-10-30 11:53:44: Accessible on:
2025-10-30 11:53:44:   http://172.48.0.114:3000
2025-10-30 11:53:44: ✅ Redis adapter connected
2025-10-30 11:53:44: ✅ Database connection successful!
2025-10-30 11:53:44: Database connection successful
