2025-10-30 11:53:28: 🔌 Connecting to MSSQL... (Attempt 1/1)
2025-10-30 11:53:32: 🔌 Connecting to MSSQL... (Attempt 1/1)
2025-10-30 11:53:33: Worker 13288 started on port 3000
2025-10-30 11:53:33: Accessible on:
2025-10-30 11:53:33:   http://172.48.0.114:3000
2025-10-30 11:53:33: ✅ Redis adapter connected
2025-10-30 11:53:33: Client connected: n5tsF5YFVJODm-NLAAAB
2025-10-30 11:53:33: ✅ New connection: n5tsF5YFVJODm-NLAAAB
2025-10-30 11:53:33: ✅ Database connection successful!
2025-10-30 11:53:33: Database connection successful
2025-10-30 11:53:34: 🔄 Using existing DB connection pool
2025-10-30 11:53:34: 🔄 Using existing DB connection pool
2025-10-30 11:53:34: item : {
  rmfp_id: 71999,
  tro_id: '0970',
  batch: '25A23DJNON',
  mat: '2xp124ck0001',
  mat_name: 'เศษเนื้อบดจากซี่โครงไก่(CK CCM)Anti free',
  production: 'H088 (Can B)',
  level_eu: null,
  remaining_time: null,
  standard_time: '2.00',
  remaining_rework_time: null,
  standard_rework_time: '2.00',
  rm_status: 'รอกลับมาเตรียม',
  dest: 'เข้าห้องเย็น',
  weight_RM: 200,
  tray_count: 31,
  cooked_date: '2025-10-30 11:40:00',
  rmit_date: '2025-10-30 11:41:00',
  qc_date: null,
  out_cold_date: null,
  out_cold_date_two: null,
  out_cold_date_three: null
}
2025-10-30 11:53:34: item : {
  rmfp_id: 71999,
  tro_id: '0925',
  batch: '25A23DJNON',
  mat: '2xp124ck0001',
  mat_name: 'เศษเนื้อบดจากซี่โครงไก่(CK CCM)Anti free',
  production: 'H088 (Can B)',
  level_eu: null,
  remaining_time: null,
  standard_time: '2.00',
  remaining_rework_time: null,
  standard_rework_time: '2.00',
  rm_status: 'รอกลับมาเตรียม',
  dest: 'เข้าห้องเย็น',
  weight_RM: 145,
  tray_count: 28,
  cooked_date: '2025-10-30 11:40:00',
  rmit_date: '2025-10-30 11:41:00',
  qc_date: null,
  out_cold_date: null,
  out_cold_date_two: null,
  out_cold_date_three: null
}
2025-10-30 11:53:36: 🔌 Connecting to MSSQL... (Attempt 1/1)
2025-10-30 11:53:37: Worker 13072 started on port 3000
2025-10-30 11:53:37: Accessible on:
2025-10-30 11:53:37:   http://172.48.0.114:3000
2025-10-30 11:53:37: ✅ Redis adapter connected
2025-10-30 11:53:37: ✅ Database connection successful!
2025-10-30 11:53:37: Database connection successful
2025-10-30 11:53:37: 🔄 Using existing DB connection pool
2025-10-30 11:53:39: 🔄 Using existing DB connection pool
2025-10-30 11:53:39: item : {
  rmfp_id: 71999,
  tro_id: '0970',
  batch: '25A23DJNON',
  mat: '2xp124ck0001',
  mat_name: 'เศษเนื้อบดจากซี่โครงไก่(CK CCM)Anti free',
  production: 'H088 (Can B)',
  level_eu: null,
  remaining_time: null,
  standard_time: '2.00',
  remaining_rework_time: null,
  standard_rework_time: '2.00',
  rm_status: 'รอกลับมาเตรียม',
  dest: 'เข้าห้องเย็น',
  weight_RM: 200,
  tray_count: 31,
  cooked_date: '2025-10-30 11:40:00',
  rmit_date: '2025-10-30 11:41:00',
  qc_date: null,
  out_cold_date: null,
  out_cold_date_two: null,
  out_cold_date_three: null
}
2025-10-30 11:53:39: item : {
  rmfp_id: 71999,
  tro_id: '0925',
  batch: '25A23DJNON',
  mat: '2xp124ck0001',
  mat_name: 'เศษเนื้อบดจากซี่โครงไก่(CK CCM)Anti free',
  production: 'H088 (Can B)',
  level_eu: null,
  remaining_time: null,
  standard_time: '2.00',
  remaining_rework_time: null,
  standard_rework_time: '2.00',
  rm_status: 'รอกลับมาเตรียม',
  dest: 'เข้าห้องเย็น',
  weight_RM: 145,
  tray_count: 28,
  cooked_date: '2025-10-30 11:40:00',
  rmit_date: '2025-10-30 11:41:00',
  qc_date: null,
  out_cold_date: null,
  out_cold_date_two: null,
  out_cold_date_three: null
}
2025-10-30 11:53:43: 🔌 Connecting to MSSQL... (Attempt 1/1)
2025-10-30 11:53:44: Worker 2724 started on port 3000
2025-10-30 11:53:44: Accessible on:
2025-10-30 11:53:44:   http://172.48.0.114:3000
2025-10-30 11:53:44: ✅ Redis adapter connected
2025-10-30 11:53:44: ✅ Database connection successful!
2025-10-30 11:53:44: Database connection successful
2025-10-30 11:53:44: Client connected: qA8sUoyxP9yTmVCfAAAB
2025-10-30 11:53:44: ✅ New connection: qA8sUoyxP9yTmVCfAAAB
2025-10-30 11:53:44: Client connected: GkjL8Evb9old_HSKAAAE
2025-10-30 11:53:44: ✅ New connection: GkjL8Evb9old_HSKAAAE
2025-10-30 11:53:45: 🔄 Using existing DB connection pool
2025-10-30 11:53:45: 🔄 Using existing DB connection pool
2025-10-30 11:53:45: 🔄 Using existing DB connection pool
2025-10-30 11:53:45: item : {
  rmfp_id: 71999,
  tro_id: '0970',
  batch: '25A23DJNON',
  mat: '2xp124ck0001',
  mat_name: 'เศษเนื้อบดจากซี่โครงไก่(CK CCM)Anti free',
  production: 'H088 (Can B)',
  level_eu: null,
  remaining_time: null,
  standard_time: '2.00',
  remaining_rework_time: null,
  standard_rework_time: '2.00',
  rm_status: 'รอกลับมาเตรียม',
  dest: 'เข้าห้องเย็น',
  weight_RM: 200,
  tray_count: 31,
  cooked_date: '2025-10-30 11:40:00',
  rmit_date: '2025-10-30 11:41:00',
  qc_date: null,
  out_cold_date: null,
  out_cold_date_two: null,
  out_cold_date_three: null
}
2025-10-30 11:53:45: item : {
  rmfp_id: 71999,
  tro_id: '0925',
  batch: '25A23DJNON',
  mat: '2xp124ck0001',
  mat_name: 'เศษเนื้อบดจากซี่โครงไก่(CK CCM)Anti free',
  production: 'H088 (Can B)',
  level_eu: null,
  remaining_time: null,
  standard_time: '2.00',
  remaining_rework_time: null,
  standard_rework_time: '2.00',
  rm_status: 'รอกลับมาเตรียม',
  dest: 'เข้าห้องเย็น',
  weight_RM: 145,
  tray_count: 28,
  cooked_date: '2025-10-30 11:40:00',
  rmit_date: '2025-10-30 11:41:00',
  qc_date: null,
  out_cold_date: null,
  out_cold_date_two: null,
  out_cold_date_three: null
}
